# JRE version: OpenJDK Runtime Environment (21.0.5) (build 21.0.5+-13047016-b750.29)
# Java VM: OpenJDK 64-Bit Server VM (21.0.5+-13047016-b750.29, mixed mode, tiered, compressed oops, compressed class ptrs, g1 gc, windows-amd64)
GC Precious Log:
 CardTable entry size: 512
 Card Set container configuration: InlinePtr #cards 5 size 8 Array Of Cards #cards 12 size 40 Howl #buckets 4 coarsen threshold 1843 Howl Bitmap #cards 512 size 80 coarsen threshold 460 Card regions per heap region 1 cards per card region 2048
 CPUs: 12 total, 12 available
 Memory: 7916M
 Large Page Support: Disabled
 NUMA Support: Disabled
 Compressed Oops: Enabled (32-bit)
 Heap Region Size: 1M
 Heap Min Capacity: 8M
 Heap Initial Capacity: 124M
 Heap Max Capacity: 2G
 Pre-touch: Disabled
 Parallel Workers: 10
 Concurrent Workers: 3
 Concurrent Refinement Workers: 10
 Periodic GC: Disabled
Heap:
 garbage-first heap   total 378880K, used 197541K [0x0000000080000000, 0x0000000100000000)
  region size 1024K, 32 young (32768K), 15 survivors (15360K)
 Metaspace       used 144628K, committed 147648K, reserved 1179648K
  class space    used 19470K, committed 21248K, reserved 1048576K
GC Heap History (20 events):
Event: 2237.243 GC heap before
{Heap before GC invocations=74 (full 0):
 garbage-first heap   total 278528K, used 255911K [0x0000000080000000, 0x0000000100000000)
  region size 1024K, 89 young (91136K), 6 survivors (6144K)
 Metaspace       used 142208K, committed 147392K, reserved 1179648K
  class space    used 19290K, committed 21248K, reserved 1048576K
}
Event: 2237.254 GC heap after
{Heap after GC invocations=75 (full 0):
 garbage-first heap   total 278528K, used 170884K [0x0000000080000000, 0x0000000100000000)
  region size 1024K, 5 young (5120K), 5 survivors (5120K)
 Metaspace       used 142208K, committed 147392K, reserved 1179648K
  class space    used 19290K, committed 21248K, reserved 1048576K
}
Event: 2238.297 GC heap before
{Heap before GC invocations=75 (full 0):
 garbage-first heap   total 278528K, used 256900K [0x0000000080000000, 0x0000000100000000)
  region size 1024K, 90 young (92160K), 5 survivors (5120K)
 Metaspace       used 142433K, committed 147456K, reserved 1179648K
  class space    used 19290K, committed 21248K, reserved 1048576K
}
Event: 2238.310 GC heap after
{Heap after GC invocations=76 (full 0):
 garbage-first heap   total 278528K, used 146415K [0x0000000080000000, 0x0000000100000000)
  region size 1024K, 4 young (4096K), 4 survivors (4096K)
 Metaspace       used 142433K, committed 147456K, reserved 1179648K
  class space    used 19290K, committed 21248K, reserved 1048576K
}
Event: 3121.085 GC heap before
{Heap before GC invocations=76 (full 0):
 garbage-first heap   total 278528K, used 276463K [0x0000000080000000, 0x0000000100000000)
  region size 1024K, 79 young (80896K), 4 survivors (4096K)
 Metaspace       used 142716K, committed 147520K, reserved 1179648K
  class space    used 19309K, committed 21248K, reserved 1048576K
}
Event: 3121.497 GC heap after
{Heap after GC invocations=77 (full 0):
 garbage-first heap   total 297984K, used 133256K [0x0000000080000000, 0x0000000100000000)
  region size 1024K, 3 young (3072K), 3 survivors (3072K)
 Metaspace       used 142716K, committed 147520K, reserved 1179648K
  class space    used 19309K, committed 21248K, reserved 1048576K
}
Event: 3218.997 GC heap before
{Heap before GC invocations=77 (full 0):
 garbage-first heap   total 297984K, used 277640K [0x0000000080000000, 0x0000000100000000)
  region size 1024K, 144 young (147456K), 3 survivors (3072K)
 Metaspace       used 143616K, committed 147520K, reserved 1179648K
  class space    used 19462K, committed 21248K, reserved 1048576K
}
Event: 3219.071 GC heap after
{Heap after GC invocations=78 (full 0):
 garbage-first heap   total 302080K, used 148657K [0x0000000080000000, 0x0000000100000000)
  region size 1024K, 18 young (18432K), 18 survivors (18432K)
 Metaspace       used 143616K, committed 147520K, reserved 1179648K
  class space    used 19462K, committed 21248K, reserved 1048576K
}
Event: 3231.275 GC heap before
{Heap before GC invocations=78 (full 0):
 garbage-first heap   total 302080K, used 265393K [0x0000000080000000, 0x0000000100000000)
  region size 1024K, 133 young (136192K), 18 survivors (18432K)
 Metaspace       used 143793K, committed 147584K, reserved 1179648K
  class space    used 19462K, committed 21248K, reserved 1048576K
}
Event: 3231.331 GC heap after
{Heap after GC invocations=79 (full 0):
 garbage-first heap   total 302080K, used 159054K [0x0000000080000000, 0x0000000100000000)
  region size 1024K, 10 young (10240K), 10 survivors (10240K)
 Metaspace       used 143793K, committed 147584K, reserved 1179648K
  class space    used 19462K, committed 21248K, reserved 1048576K
}
Event: 3234.349 GC heap before
{Heap before GC invocations=79 (full 0):
 garbage-first heap   total 302080K, used 271694K [0x0000000080000000, 0x0000000100000000)
  region size 1024K, 121 young (123904K), 10 survivors (10240K)
 Metaspace       used 143903K, committed 147584K, reserved 1179648K
  class space    used 19461K, committed 21248K, reserved 1048576K
}
Event: 3234.361 GC heap after
{Heap after GC invocations=80 (full 0):
 garbage-first heap   total 302080K, used 158328K [0x0000000080000000, 0x0000000100000000)
  region size 1024K, 3 young (3072K), 3 survivors (3072K)
 Metaspace       used 143903K, committed 147584K, reserved 1179648K
  class space    used 19461K, committed 21248K, reserved 1048576K
}
Event: 3237.634 GC heap before
{Heap before GC invocations=81 (full 0):
 garbage-first heap   total 308224K, used 306808K [0x0000000080000000, 0x0000000100000000)
  region size 1024K, 96 young (98304K), 3 survivors (3072K)
 Metaspace       used 144058K, committed 147584K, reserved 1179648K
  class space    used 19463K, committed 21248K, reserved 1048576K
}
Event: 3237.644 GC heap after
{Heap after GC invocations=82 (full 0):
 garbage-first heap   total 310272K, used 157556K [0x0000000080000000, 0x0000000100000000)
  region size 1024K, 2 young (2048K), 2 survivors (2048K)
 Metaspace       used 144058K, committed 147584K, reserved 1179648K
  class space    used 19463K, committed 21248K, reserved 1048576K
}
Event: 3414.120 GC heap before
{Heap before GC invocations=82 (full 0):
 garbage-first heap   total 310272K, used 289652K [0x0000000080000000, 0x0000000100000000)
  region size 1024K, 132 young (135168K), 2 survivors (2048K)
 Metaspace       used 144271K, committed 147584K, reserved 1179648K
  class space    used 19468K, committed 21248K, reserved 1048576K
}
Event: 3414.380 GC heap after
{Heap after GC invocations=83 (full 0):
 garbage-first heap   total 313344K, used 167369K [0x0000000080000000, 0x0000000100000000)
  region size 1024K, 16 young (16384K), 16 survivors (16384K)
 Metaspace       used 144271K, committed 147584K, reserved 1179648K
  class space    used 19468K, committed 21248K, reserved 1048576K
}
Event: 3430.577 GC heap before
{Heap before GC invocations=83 (full 0):
 garbage-first heap   total 313344K, used 258505K [0x0000000080000000, 0x0000000100000000)
  region size 1024K, 107 young (109568K), 16 survivors (16384K)
 Metaspace       used 144427K, committed 147648K, reserved 1179648K
  class space    used 19469K, committed 21248K, reserved 1048576K
}
Event: 3430.690 GC heap after
{Heap after GC invocations=84 (full 0):
 garbage-first heap   total 313344K, used 172647K [0x0000000080000000, 0x0000000100000000)
  region size 1024K, 6 young (6144K), 6 survivors (6144K)
 Metaspace       used 144427K, committed 147648K, reserved 1179648K
  class space    used 19469K, committed 21248K, reserved 1048576K
}
Event: 4047.472 GC heap before
{Heap before GC invocations=85 (full 0):
 garbage-first heap   total 378880K, used 340583K [0x0000000080000000, 0x0000000100000000)
  region size 1024K, 118 young (120832K), 6 survivors (6144K)
 Metaspace       used 144623K, committed 147648K, reserved 1179648K
  class space    used 19469K, committed 21248K, reserved 1048576K
}
Event: 4047.679 GC heap after
{Heap after GC invocations=86 (full 0):
 garbage-first heap   total 378880K, used 181157K [0x0000000080000000, 0x0000000100000000)
  region size 1024K, 15 young (15360K), 15 survivors (15360K)
 Metaspace       used 144623K, committed 147648K, reserved 1179648K
  class space    used 19469K, committed 21248K, reserved 1048576K
}

